<?xml version="1.0" encoding="UTF-8"?>
<testng-results skipped="0" failed="0" ignored="0" total="1" passed="1">
  <reporter-output>
  </reporter-output>
  <suite name="Suite" duration-ms="10030" started-at="2018-03-05T09:01:06Z" finished-at="2018-03-05T09:01:17Z">
    <groups>
    </groups>
    <test name="Test" duration-ms="10030" started-at="2018-03-05T09:01:06Z" finished-at="2018-03-05T09:01:17Z">
      <class name="au.icare.nsw.gov.NewTest">
        <test-method status="PASS" signature="setUp()[pri:0, instance:au.icare.nsw.gov.NewTest@2c8d66b2]" name="setUp" is-config="true" duration-ms="9615" started-at="2018-03-05T17:01:06Z" finished-at="2018-03-05T17:01:16Z">
          <reporter-output>
          </reporter-output>
        </test-method> <!-- setUp -->
        <test-method status="PASS" signature="verifySearchButton()[pri:0, instance:au.icare.nsw.gov.NewTest@2c8d66b2]" name="verifySearchButton" duration-ms="87" started-at="2018-03-05T17:01:16Z" finished-at="2018-03-05T17:01:16Z">
          <reporter-output>
          </reporter-output>
        </test-method> <!-- verifySearchButton -->
        <test-method status="PASS" signature="tearDown()[pri:0, instance:au.icare.nsw.gov.NewTest@2c8d66b2]" name="tearDown" is-config="true" duration-ms="294" started-at="2018-03-05T17:01:16Z" finished-at="2018-03-05T17:01:17Z">
          <reporter-output>
          </reporter-output>
        </test-method> <!-- tearDown -->
      </class> <!-- au.icare.nsw.gov.NewTest -->
    </test> <!-- Test -->
  </suite> <!-- Suite -->
</testng-results>
