<?xml version="1.0" encoding="UTF-8"?>
<testng-results skipped="0" failed="0" ignored="0" total="1" passed="1">
  <reporter-output>
  </reporter-output>
  <suite name="Default suite" duration-ms="9992" started-at="2018-03-05T09:00:36Z" finished-at="2018-03-05T09:00:46Z">
    <groups>
    </groups>
    <test name="Default test" duration-ms="9992" started-at="2018-03-05T09:00:36Z" finished-at="2018-03-05T09:00:46Z">
      <class name="au.icare.nsw.gov.NewTest">
        <test-method status="PASS" signature="setUp()[pri:0, instance:au.icare.nsw.gov.NewTest@59906517]" name="setUp" is-config="true" duration-ms="9467" started-at="2018-03-05T17:00:36Z" finished-at="2018-03-05T17:00:45Z">
          <reporter-output>
          </reporter-output>
        </test-method> <!-- setUp -->
        <test-method status="PASS" signature="verifySearchButton()[pri:0, instance:au.icare.nsw.gov.NewTest@59906517]" name="verifySearchButton" duration-ms="94" started-at="2018-03-05T17:00:45Z" finished-at="2018-03-05T17:00:45Z">
          <reporter-output>
          </reporter-output>
        </test-method> <!-- verifySearchButton -->
        <test-method status="PASS" signature="tearDown()[pri:0, instance:au.icare.nsw.gov.NewTest@59906517]" name="tearDown" is-config="true" duration-ms="402" started-at="2018-03-05T17:00:45Z" finished-at="2018-03-05T17:00:46Z">
          <reporter-output>
          </reporter-output>
        </test-method> <!-- tearDown -->
      </class> <!-- au.icare.nsw.gov.NewTest -->
    </test> <!-- Default test -->
  </suite> <!-- Default suite -->
</testng-results>
